<?xml version="1.0" encoding="UTF-8"?>
<robot generator="Robot 6.1.1 (Python 3.12.0 on win32)" generated="20231025 09:45:38.357" rpa="false" schemaversion="4">
<suite id="s1" name="Amazonteste" source="C:\Users\nicolas_oliveira2\Desktop\RobotFramework\webtesting\amazonteste.robot">
<test id="s1-t1" name="Caso de Teste 01 - Acesso ao menu &quot;Eletrônicos&quot;" line="9">
<kw name="abrir o navegador" library="amazon_resources" type="SETUP">
<kw name="Open Browser" library="SeleniumLibrary">
<arg>browser=chrome</arg>
<arg>options=add_experimental_option("detach", True)</arg>
<doc>Opens a new browser instance to the optional ``url``.</doc>
<msg timestamp="20231025 09:45:38.543" level="INFO">Opening browser 'chrome' to base url 'None'.</msg>
<msg timestamp="20231025 09:47:03.074" level="WARN">Exception managing chrome: error sending request for url (https://googlechromelabs.github.io/chrome-for-testing/known-good-versions-with-downloads.json): error trying to connect: tcp connect error: Uma tentativa de conexão falhou porque o componente conectado não respondeu
corretamente após um período de tempo ou a conexão estabelecida falhou
porque o host conectado não respondeu. (os error 10060)</msg>
<msg timestamp="20231025 09:47:03.075" level="WARN">The chromedriver version (117.0.5938.92) detected in PATH at C:\Users\nicolas_oliveira2\AppData\Local\Programs\Python\Python312\chromedriver.exe might not be compatible with the detected chrome version (118.0.5993.89); currently, chromedriver  is recommended for chrome 118.*, so it is advised to delete the driver in PATH and retry</msg>
<status status="PASS" starttime="20231025 09:45:38.543" endtime="20231025 09:47:04.283"/>
</kw>
<kw name="Maximize Browser Window" library="SeleniumLibrary">
<doc>Maximizes current browser window.</doc>
<status status="PASS" starttime="20231025 09:47:04.283" endtime="20231025 09:47:04.405"/>
</kw>
<status status="PASS" starttime="20231025 09:45:38.542" endtime="20231025 09:47:04.405"/>
</kw>
<kw name="Acessar a home page do site Amazon.com.br" library="amazon_resources">
<kw name="Go To" library="SeleniumLibrary">
<arg>url=${URL}</arg>
<doc>Navigates the current browser window to the provided ``url``.</doc>
<msg timestamp="20231025 09:47:04.407" level="INFO">Opening url 'http://www.amazon.com.br'</msg>
<status status="PASS" starttime="20231025 09:47:04.407" endtime="20231025 09:47:07.382"/>
</kw>
<kw name="Wait Until Element Is Visible" library="SeleniumLibrary">
<arg>Locator=${MENU_ELETRONICOS}</arg>
<doc>Waits until the element ``locator`` is visible.</doc>
<msg timestamp="20231025 09:47:12.764" level="INFO" html="true">&lt;/td&gt;&lt;/tr&gt;&lt;tr&gt;&lt;td colspan="3"&gt;&lt;a href="selenium-screenshot-2.png"&gt;&lt;img src="selenium-screenshot-2.png" width="800px"&gt;&lt;/a&gt;</msg>
<msg timestamp="20231025 09:47:12.765" level="FAIL">Element 'Locator=//a[@href='/Eletronicos-e-Tecnologia/b/?ie=UTF8&amp;node=16209062011&amp;ref_=nav_cs_electronics'][contains(.,'Eletrônicos')]' not visible after 5 seconds.</msg>
<status status="FAIL" starttime="20231025 09:47:07.383" endtime="20231025 09:47:12.766"/>
</kw>
<status status="FAIL" starttime="20231025 09:47:04.406" endtime="20231025 09:47:12.766"/>
</kw>
<kw name="fechar o navegador" library="amazon_resources" type="TEARDOWN">
<kw name="Close Browser" library="SeleniumLibrary">
<doc>Closes the current browser.</doc>
<status status="PASS" starttime="20231025 09:47:12.767" endtime="20231025 09:47:14.914"/>
</kw>
<status status="PASS" starttime="20231025 09:47:12.767" endtime="20231025 09:47:14.914"/>
</kw>
<doc>Esse teste verifica o menu do site Amazon.com.br e verifica a categoria Computadores e Informática</doc>
<tag>menus categorias</tag>
<status status="FAIL" starttime="20231025 09:45:38.541" endtime="20231025 09:47:14.915">Element 'Locator=//a[@href='/Eletronicos-e-Tecnologia/b/?ie=UTF8&amp;node=16209062011&amp;ref_=nav_cs_electronics'][contains(.,'Eletrônicos')]' not visible after 5 seconds.</status>
</test>
<status status="FAIL" starttime="20231025 09:45:38.359" endtime="20231025 09:47:14.918"/>
</suite>
<statistics>
<total>
<stat pass="0" fail="1" skip="0">All Tests</stat>
</total>
<tag>
<stat pass="0" fail="1" skip="0">menus categorias</stat>
</tag>
<suite>
<stat pass="0" fail="1" skip="0" id="s1" name="Amazonteste">Amazonteste</stat>
</suite>
</statistics>
<errors>
<msg timestamp="20231025 09:47:03.074" level="WARN">Exception managing chrome: error sending request for url (https://googlechromelabs.github.io/chrome-for-testing/known-good-versions-with-downloads.json): error trying to connect: tcp connect error: Uma tentativa de conexão falhou porque o componente conectado não respondeu
corretamente após um período de tempo ou a conexão estabelecida falhou
porque o host conectado não respondeu. (os error 10060)</msg>
<msg timestamp="20231025 09:47:03.075" level="WARN">The chromedriver version (117.0.5938.92) detected in PATH at C:\Users\nicolas_oliveira2\AppData\Local\Programs\Python\Python312\chromedriver.exe might not be compatible with the detected chrome version (118.0.5993.89); currently, chromedriver  is recommended for chrome 118.*, so it is advised to delete the driver in PATH and retry</msg>
</errors>
</robot>
