<?xml version="1.0" encoding="UTF-8"?>
<robot generator="Robot 6.1.1 (Python 3.12.0 on win32)" generated="20231108 09:03:54.409" rpa="false" schemaversion="4">
<suite id="s1" name="Amazonteste" source="C:\Users\nicolas_oliveira2\Desktop\RobotFramework\webtesting\amazonteste.robot">
<test id="s1-t1" name="Caso de Teste 01 - Acesso ao menu &quot;Eletrônicos&quot;" line="9">
<kw name="abrir o navegador" library="amazon_resources" type="SETUP">
<kw name="Open Browser" library="SeleniumLibrary">
<arg>browser=chrome</arg>
<arg>options=add_experimental_option("detach", True)</arg>
<doc>Opens a new browser instance to the optional ``url``.</doc>
<msg timestamp="20231108 09:03:54.607" level="INFO">Opening browser 'chrome' to base url 'None'.</msg>
<status status="PASS" starttime="20231108 09:03:54.606" endtime="20231108 09:03:56.016"/>
</kw>
<kw name="Maximize Browser Window" library="SeleniumLibrary">
<doc>Maximizes current browser window.</doc>
<status status="PASS" starttime="20231108 09:03:56.016" endtime="20231108 09:03:56.135"/>
</kw>
<status status="PASS" starttime="20231108 09:03:54.606" endtime="20231108 09:03:56.135"/>
</kw>
<kw name="Acessar a home page do site Amazon.com.br" library="amazon_resources">
<kw name="Go To" library="SeleniumLibrary">
<arg>url=${URL}</arg>
<doc>Navigates the current browser window to the provided ``url``.</doc>
<msg timestamp="20231108 09:03:56.136" level="INFO">Opening url 'http://www.amazon.com.br'</msg>
<status status="PASS" starttime="20231108 09:03:56.136" endtime="20231108 09:03:59.058"/>
</kw>
<kw name="Execute Javascript" library="SeleniumLibrary">
<arg>document.body.style.zoom = '75%'</arg>
<doc>Executes the given JavaScript code with possible arguments.</doc>
<msg timestamp="20231108 09:03:59.058" level="INFO">Executing JavaScript:
document.body.style.zoom = '75%'
Without any arguments.</msg>
<status status="PASS" starttime="20231108 09:03:59.058" endtime="20231108 09:03:59.064"/>
</kw>
<kw name="Wait Until Element Is Visible" library="SeleniumLibrary">
<arg>Locator=${MENU_ELETRONICOS}</arg>
<doc>Waits until the element ``locator`` is visible.</doc>
<msg timestamp="20231108 09:04:04.223" level="INFO" html="true">&lt;/td&gt;&lt;/tr&gt;&lt;tr&gt;&lt;td colspan="3"&gt;&lt;a href="selenium-screenshot-9.png"&gt;&lt;img src="selenium-screenshot-9.png" width="800px"&gt;&lt;/a&gt;</msg>
<msg timestamp="20231108 09:04:04.224" level="FAIL">Element 'Locator=//a[@href='/Eletronicos-e-Tecnologia/b/?ie=UTF8&amp;node=16209062011&amp;ref_=nav_cs_electronics'][contains(.,'Eletrônicos')]' not visible after 5 seconds.</msg>
<status status="FAIL" starttime="20231108 09:03:59.064" endtime="20231108 09:04:04.225"/>
</kw>
<status status="FAIL" starttime="20231108 09:03:56.136" endtime="20231108 09:04:04.225"/>
</kw>
<doc>Esse teste verifica o menu do site Amazon.com.br e verifica a categoria Computadores e Informática</doc>
<tag>menus categorias</tag>
<status status="FAIL" starttime="20231108 09:03:54.606" endtime="20231108 09:04:04.225">Element 'Locator=//a[@href='/Eletronicos-e-Tecnologia/b/?ie=UTF8&amp;node=16209062011&amp;ref_=nav_cs_electronics'][contains(.,'Eletrônicos')]' not visible after 5 seconds.</status>
</test>
<status status="FAIL" starttime="20231108 09:03:54.411" endtime="20231108 09:04:04.227"/>
</suite>
<statistics>
<total>
<stat pass="0" fail="1" skip="0">All Tests</stat>
</total>
<tag>
<stat pass="0" fail="1" skip="0">menus categorias</stat>
</tag>
<suite>
<stat pass="0" fail="1" skip="0" id="s1" name="Amazonteste">Amazonteste</stat>
</suite>
</statistics>
<errors>
</errors>
</robot>
